240429 22:21:19 mysqld_safe Starting mariadbd daemon with databases from /var/lib/mysql
2024-04-29 22:21:19 0 [Note] Starting MariaDB 10.11.6-MariaDB-0+deb12u1 source revision  as process 149
2024-04-29 22:21:19 0 [Warning] Setting lower_case_table_names=2 because file system for /var/lib/mysql/ is case insensitive
2024-04-29 22:21:19 0 [Note] InnoDB: The first data file './ibdata1' did not exist. A new tablespace will be created!
2024-04-29 22:21:19 0 [Note] InnoDB: Compressed tables use zlib 1.2.13
2024-04-29 22:21:19 0 [Note] InnoDB: Number of transaction pools: 1
2024-04-29 22:21:19 0 [Note] InnoDB: Using crc32 + pclmulqdq instructions
2024-04-29 22:21:19 0 [Note] mariadbd: O_TMPFILE is not supported on /tmp (disabling future attempts)
2024-04-29 22:21:19 0 [Note] InnoDB: Using liburing
2024-04-29 22:21:19 0 [Note] InnoDB: Initializing buffer pool, total size = 128.000MiB, chunk size = 2.000MiB
2024-04-29 22:21:20 0 [Note] InnoDB: Completed initialization of buffer pool
2024-04-29 22:21:20 0 [Note] InnoDB: Setting file './ibdata1' size to 12.000MiB. Physically writing the file full; Please wait ...
2024-04-29 22:21:20 0 [Note] InnoDB: File './ibdata1' size is now 12.000MiB.
2024-04-29 22:21:20 0 [Note] InnoDB: Buffered log writes (block size=512 bytes)
2024-04-29 22:21:20 0 [Note] InnoDB: Doublewrite buffer not found: creating new
2024-04-29 22:21:20 0 [Note] InnoDB: 128 rollback segments are active.
2024-04-29 22:21:20 0 [Note] InnoDB: Setting file './ibtmp1' size to 12.000MiB. Physically writing the file full; Please wait ...
2024-04-29 22:21:20 0 [Note] InnoDB: File './ibtmp1' size is now 12.000MiB.
2024-04-29 22:21:20 0 [Note] InnoDB: log sequence number 0; transaction id 3
2024-04-29 22:21:20 0 [Note] Plugin 'FEEDBACK' is disabled.
2024-04-29 22:21:20 0 [ERROR] Could not open mysql.plugin table: "Table 'mysql.plugin' doesn't exist". Some plugins may be not loaded
2024-04-29 22:21:20 0 [ERROR] Can't open and lock privilege tables: Table 'mysql.servers' doesn't exist
2024-04-29 22:21:20 0 [Note] Server socket created on IP: '0.0.0.0'.
2024-04-29 22:21:20 0 [Note] Server socket created on IP: '::'.
2024-04-29 22:21:20 0 [ERROR] Fatal error: Can't open and lock privilege tables: Table 'mysql.db' doesn't exist
2024-04-29 22:21:20 0 [ERROR] Aborting
240429 22:21:20 mysqld_safe mysqld from pid file /var/lib/mysql/cb428144f480.pid ended
240429 22:21:20 mysqld_safe Starting mariadbd daemon with databases from /var/lib/mysql
2024-04-29 22:21:20 0 [Note] Starting MariaDB 10.11.6-MariaDB-0+deb12u1 source revision  as process 146
2024-04-29 22:21:20 0 [Warning] Setting lower_case_table_names=2 because file system for /var/lib/mysql/ is case insensitive
2024-04-29 22:21:20 0 [Note] InnoDB: Compressed tables use zlib 1.2.13
2024-04-29 22:21:20 0 [Note] InnoDB: Number of transaction pools: 1
2024-04-29 22:21:20 0 [Note] InnoDB: Using crc32 + pclmulqdq instructions
2024-04-29 22:21:20 0 [Note] mariadbd: O_TMPFILE is not supported on /tmp (disabling future attempts)
2024-04-29 22:21:20 0 [Note] InnoDB: Using liburing
2024-04-29 22:21:20 0 [Note] InnoDB: Initializing buffer pool, total size = 128.000MiB, chunk size = 2.000MiB
2024-04-29 22:21:20 0 [Note] InnoDB: Completed initialization of buffer pool
2024-04-29 22:21:20 0 [Note] InnoDB: Buffered log writes (block size=512 bytes)
2024-04-29 22:21:20 0 [Note] InnoDB: End of log at LSN=36573
2024-04-29 22:21:20 0 [Note] InnoDB: 128 rollback segments are active.
2024-04-29 22:21:20 0 [Note] InnoDB: Setting file './ibtmp1' size to 12.000MiB. Physically writing the file full; Please wait ...
2024-04-29 22:21:20 0 [Note] InnoDB: File './ibtmp1' size is now 12.000MiB.
2024-04-29 22:21:20 0 [Note] InnoDB: log sequence number 36573; transaction id 4
2024-04-29 22:21:20 0 [Note] Plugin 'FEEDBACK' is disabled.
2024-04-29 22:21:20 0 [Note] InnoDB: Loading buffer pool(s) from /var/lib/mysql/ib_buffer_pool
2024-04-29 22:21:20 0 [ERROR] Could not open mysql.plugin table: "Table 'mysql.plugin' doesn't exist". Some plugins may be not loaded
2024-04-29 22:21:20 0 [ERROR] Can't open and lock privilege tables: Table 'mysql.servers' doesn't exist
2024-04-29 22:21:20 0 [Note] Server socket created on IP: '0.0.0.0'.
2024-04-29 22:21:20 0 [Note] Server socket created on IP: '::'.
2024-04-29 22:21:20 0 [Note] InnoDB: Buffer pool(s) load completed at 240429 22:21:20
2024-04-29 22:21:20 0 [ERROR] Fatal error: Can't open and lock privilege tables: Table 'mysql.db' doesn't exist
2024-04-29 22:21:20 0 [ERROR] Aborting
240429 22:21:21 mysqld_safe mysqld from pid file /var/lib/mysql/cb428144f480.pid ended
240429 22:21:21 mysqld_safe Starting mariadbd daemon with databases from /var/lib/mysql
2024-04-29 22:21:21 0 [Note] Starting MariaDB 10.11.6-MariaDB-0+deb12u1 source revision  as process 146
2024-04-29 22:21:21 0 [Warning] Setting lower_case_table_names=2 because file system for /var/lib/mysql/ is case insensitive
2024-04-29 22:21:21 0 [Note] InnoDB: Compressed tables use zlib 1.2.13
2024-04-29 22:21:21 0 [Note] InnoDB: Number of transaction pools: 1
2024-04-29 22:21:21 0 [Note] InnoDB: Using crc32 + pclmulqdq instructions
2024-04-29 22:21:21 0 [Note] mariadbd: O_TMPFILE is not supported on /tmp (disabling future attempts)
2024-04-29 22:21:21 0 [Note] InnoDB: Using liburing
2024-04-29 22:21:21 0 [Note] InnoDB: Initializing buffer pool, total size = 128.000MiB, chunk size = 2.000MiB
2024-04-29 22:21:21 0 [Note] InnoDB: Completed initialization of buffer pool
2024-04-29 22:21:21 0 [Note] InnoDB: Buffered log writes (block size=512 bytes)
2024-04-29 22:21:21 0 [Note] InnoDB: End of log at LSN=36573
2024-04-29 22:21:21 0 [Note] InnoDB: 128 rollback segments are active.
2024-04-29 22:21:21 0 [Note] InnoDB: Setting file './ibtmp1' size to 12.000MiB. Physically writing the file full; Please wait ...
2024-04-29 22:21:21 0 [Note] InnoDB: File './ibtmp1' size is now 12.000MiB.
2024-04-29 22:21:21 0 [Note] InnoDB: log sequence number 36573; transaction id 4
2024-04-29 22:21:21 0 [Note] Plugin 'FEEDBACK' is disabled.
2024-04-29 22:21:21 0 [Note] InnoDB: Loading buffer pool(s) from /var/lib/mysql/ib_buffer_pool
2024-04-29 22:21:21 0 [ERROR] Could not open mysql.plugin table: "Table 'mysql.plugin' doesn't exist". Some plugins may be not loaded
2024-04-29 22:21:21 0 [Note] InnoDB: Buffer pool(s) load completed at 240429 22:21:21
2024-04-29 22:21:21 0 [ERROR] Can't open and lock privilege tables: Table 'mysql.servers' doesn't exist
2024-04-29 22:21:21 0 [Note] Server socket created on IP: '0.0.0.0'.
2024-04-29 22:21:21 0 [Note] Server socket created on IP: '::'.
2024-04-29 22:21:21 0 [ERROR] Fatal error: Can't open and lock privilege tables: Table 'mysql.db' doesn't exist
2024-04-29 22:21:21 0 [ERROR] Aborting
240429 22:21:21 mysqld_safe mysqld from pid file /var/lib/mysql/cb428144f480.pid ended
240429 22:21:22 mysqld_safe Starting mariadbd daemon with databases from /var/lib/mysql
2024-04-29 22:21:22 0 [Note] Starting MariaDB 10.11.6-MariaDB-0+deb12u1 source revision  as process 146
2024-04-29 22:21:22 0 [Warning] Setting lower_case_table_names=2 because file system for /var/lib/mysql/ is case insensitive
2024-04-29 22:21:22 0 [Note] InnoDB: Compressed tables use zlib 1.2.13
2024-04-29 22:21:22 0 [Note] InnoDB: Number of transaction pools: 1
2024-04-29 22:21:22 0 [Note] InnoDB: Using crc32 + pclmulqdq instructions
2024-04-29 22:21:22 0 [Note] mariadbd: O_TMPFILE is not supported on /tmp (disabling future attempts)
2024-04-29 22:21:22 0 [Note] InnoDB: Using liburing
2024-04-29 22:21:22 0 [Note] InnoDB: Initializing buffer pool, total size = 128.000MiB, chunk size = 2.000MiB
2024-04-29 22:21:22 0 [Note] InnoDB: Completed initialization of buffer pool
2024-04-29 22:21:22 0 [Note] InnoDB: Buffered log writes (block size=512 bytes)
2024-04-29 22:21:22 0 [Note] InnoDB: End of log at LSN=36573
2024-04-29 22:21:22 0 [Note] InnoDB: 128 rollback segments are active.
2024-04-29 22:21:22 0 [Note] InnoDB: Setting file './ibtmp1' size to 12.000MiB. Physically writing the file full; Please wait ...
2024-04-29 22:21:22 0 [Note] InnoDB: File './ibtmp1' size is now 12.000MiB.
2024-04-29 22:21:22 0 [Note] InnoDB: log sequence number 36573; transaction id 4
2024-04-29 22:21:22 0 [Note] Plugin 'FEEDBACK' is disabled.
2024-04-29 22:21:22 0 [Note] InnoDB: Loading buffer pool(s) from /var/lib/mysql/ib_buffer_pool
2024-04-29 22:21:22 0 [ERROR] Could not open mysql.plugin table: "Table 'mysql.plugin' doesn't exist". Some plugins may be not loaded
2024-04-29 22:21:22 0 [Note] InnoDB: Buffer pool(s) load completed at 240429 22:21:22
2024-04-29 22:21:22 0 [ERROR] Can't open and lock privilege tables: Table 'mysql.servers' doesn't exist
2024-04-29 22:21:22 0 [Note] Server socket created on IP: '0.0.0.0'.
2024-04-29 22:21:22 0 [Note] Server socket created on IP: '::'.
2024-04-29 22:21:22 0 [ERROR] Fatal error: Can't open and lock privilege tables: Table 'mysql.db' doesn't exist
2024-04-29 22:21:22 0 [ERROR] Aborting
240429 22:21:22 mysqld_safe mysqld from pid file /var/lib/mysql/cb428144f480.pid ended
240429 22:21:23 mysqld_safe Starting mariadbd daemon with databases from /var/lib/mysql
2024-04-29 22:21:23 0 [Note] Starting MariaDB 10.11.6-MariaDB-0+deb12u1 source revision  as process 146
2024-04-29 22:21:23 0 [Warning] Setting lower_case_table_names=2 because file system for /var/lib/mysql/ is case insensitive
2024-04-29 22:21:23 0 [Note] InnoDB: Compressed tables use zlib 1.2.13
2024-04-29 22:21:23 0 [Note] InnoDB: Number of transaction pools: 1
2024-04-29 22:21:23 0 [Note] InnoDB: Using crc32 + pclmulqdq instructions
2024-04-29 22:21:23 0 [Note] mariadbd: O_TMPFILE is not supported on /tmp (disabling future attempts)
2024-04-29 22:21:23 0 [Note] InnoDB: Using liburing
2024-04-29 22:21:23 0 [Note] InnoDB: Initializing buffer pool, total size = 128.000MiB, chunk size = 2.000MiB
2024-04-29 22:21:23 0 [Note] InnoDB: Completed initialization of buffer pool
2024-04-29 22:21:24 0 [Note] InnoDB: Buffered log writes (block size=512 bytes)
2024-04-29 22:21:24 0 [Note] InnoDB: End of log at LSN=36573
2024-04-29 22:21:24 0 [Note] InnoDB: 128 rollback segments are active.
2024-04-29 22:21:24 0 [Note] InnoDB: Setting file './ibtmp1' size to 12.000MiB. Physically writing the file full; Please wait ...
2024-04-29 22:21:24 0 [Note] InnoDB: File './ibtmp1' size is now 12.000MiB.
2024-04-29 22:21:24 0 [Note] InnoDB: log sequence number 36573; transaction id 4
2024-04-29 22:21:24 0 [Note] Plugin 'FEEDBACK' is disabled.
2024-04-29 22:21:24 0 [Note] InnoDB: Loading buffer pool(s) from /var/lib/mysql/ib_buffer_pool
2024-04-29 22:21:24 0 [ERROR] Could not open mysql.plugin table: "Table 'mysql.plugin' doesn't exist". Some plugins may be not loaded
2024-04-29 22:21:24 0 [Note] InnoDB: Buffer pool(s) load completed at 240429 22:21:24
2024-04-29 22:21:24 0 [ERROR] Can't open and lock privilege tables: Table 'mysql.servers' doesn't exist
2024-04-29 22:21:24 0 [Note] Server socket created on IP: '0.0.0.0'.
2024-04-29 22:21:24 0 [Note] Server socket created on IP: '::'.
2024-04-29 22:21:24 0 [ERROR] Fatal error: Can't open and lock privilege tables: Table 'mysql.db' doesn't exist
2024-04-29 22:21:24 0 [ERROR] Aborting
240429 22:21:24 mysqld_safe mysqld from pid file /var/lib/mysql/cb428144f480.pid ended
240429 22:21:26 mysqld_safe Starting mariadbd daemon with databases from /var/lib/mysql
2024-04-29 22:21:26 0 [Note] Starting MariaDB 10.11.6-MariaDB-0+deb12u1 source revision  as process 146
2024-04-29 22:21:26 0 [Warning] Setting lower_case_table_names=2 because file system for /var/lib/mysql/ is case insensitive
2024-04-29 22:21:26 0 [Note] InnoDB: Compressed tables use zlib 1.2.13
2024-04-29 22:21:26 0 [Note] InnoDB: Number of transaction pools: 1
2024-04-29 22:21:26 0 [Note] InnoDB: Using crc32 + pclmulqdq instructions
2024-04-29 22:21:26 0 [Note] mariadbd: O_TMPFILE is not supported on /tmp (disabling future attempts)
2024-04-29 22:21:26 0 [Note] InnoDB: Using liburing
2024-04-29 22:21:26 0 [Note] InnoDB: Initializing buffer pool, total size = 128.000MiB, chunk size = 2.000MiB
2024-04-29 22:21:26 0 [Note] InnoDB: Completed initialization of buffer pool
2024-04-29 22:21:26 0 [Note] InnoDB: Buffered log writes (block size=512 bytes)
2024-04-29 22:21:26 0 [Note] InnoDB: End of log at LSN=36573
2024-04-29 22:21:26 0 [Note] InnoDB: 128 rollback segments are active.
2024-04-29 22:21:26 0 [Note] InnoDB: Setting file './ibtmp1' size to 12.000MiB. Physically writing the file full; Please wait ...
2024-04-29 22:21:26 0 [Note] InnoDB: File './ibtmp1' size is now 12.000MiB.
2024-04-29 22:21:26 0 [Note] InnoDB: log sequence number 36573; transaction id 4
2024-04-29 22:21:26 0 [Note] Plugin 'FEEDBACK' is disabled.
2024-04-29 22:21:26 0 [Note] InnoDB: Loading buffer pool(s) from /var/lib/mysql/ib_buffer_pool
2024-04-29 22:21:26 0 [ERROR] Could not open mysql.plugin table: "Table 'mysql.plugin' doesn't exist". Some plugins may be not loaded
2024-04-29 22:21:26 0 [Note] InnoDB: Buffer pool(s) load completed at 240429 22:21:26
2024-04-29 22:21:26 0 [ERROR] Can't open and lock privilege tables: Table 'mysql.servers' doesn't exist
2024-04-29 22:21:26 0 [Note] Server socket created on IP: '0.0.0.0'.
2024-04-29 22:21:26 0 [Note] Server socket created on IP: '::'.
2024-04-29 22:21:26 0 [ERROR] Fatal error: Can't open and lock privilege tables: Table 'mysql.db' doesn't exist
2024-04-29 22:21:26 0 [ERROR] Aborting
240429 22:21:26 mysqld_safe mysqld from pid file /var/lib/mysql/cb428144f480.pid ended
240429 22:21:29 mysqld_safe Starting mariadbd daemon with databases from /var/lib/mysql
2024-04-29 22:21:29 0 [Note] Starting MariaDB 10.11.6-MariaDB-0+deb12u1 source revision  as process 146
2024-04-29 22:21:29 0 [Warning] Setting lower_case_table_names=2 because file system for /var/lib/mysql/ is case insensitive
2024-04-29 22:21:29 0 [Note] InnoDB: Compressed tables use zlib 1.2.13
2024-04-29 22:21:29 0 [Note] InnoDB: Number of transaction pools: 1
2024-04-29 22:21:29 0 [Note] InnoDB: Using crc32 + pclmulqdq instructions
2024-04-29 22:21:29 0 [Note] mariadbd: O_TMPFILE is not supported on /tmp (disabling future attempts)
2024-04-29 22:21:29 0 [Note] InnoDB: Using liburing
2024-04-29 22:21:29 0 [Note] InnoDB: Initializing buffer pool, total size = 128.000MiB, chunk size = 2.000MiB
2024-04-29 22:21:29 0 [Note] InnoDB: Completed initialization of buffer pool
2024-04-29 22:21:29 0 [Note] InnoDB: Buffered log writes (block size=512 bytes)
2024-04-29 22:21:29 0 [Note] InnoDB: End of log at LSN=36573
2024-04-29 22:21:29 0 [Note] InnoDB: 128 rollback segments are active.
2024-04-29 22:21:29 0 [Note] InnoDB: Setting file './ibtmp1' size to 12.000MiB. Physically writing the file full; Please wait ...
2024-04-29 22:21:29 0 [Note] InnoDB: File './ibtmp1' size is now 12.000MiB.
2024-04-29 22:21:29 0 [Note] InnoDB: log sequence number 36573; transaction id 4
2024-04-29 22:21:29 0 [Note] Plugin 'FEEDBACK' is disabled.
2024-04-29 22:21:29 0 [Note] InnoDB: Loading buffer pool(s) from /var/lib/mysql/ib_buffer_pool
2024-04-29 22:21:29 0 [ERROR] Could not open mysql.plugin table: "Table 'mysql.plugin' doesn't exist". Some plugins may be not loaded
2024-04-29 22:21:29 0 [Note] InnoDB: Buffer pool(s) load completed at 240429 22:21:29
2024-04-29 22:21:29 0 [ERROR] Can't open and lock privilege tables: Table 'mysql.servers' doesn't exist
2024-04-29 22:21:29 0 [Note] Server socket created on IP: '0.0.0.0'.
2024-04-29 22:21:29 0 [Note] Server socket created on IP: '::'.
2024-04-29 22:21:29 0 [ERROR] Fatal error: Can't open and lock privilege tables: Table 'mysql.db' doesn't exist
2024-04-29 22:21:29 0 [ERROR] Aborting
240429 22:21:30 mysqld_safe mysqld from pid file /var/lib/mysql/cb428144f480.pid ended
240429 22:21:36 mysqld_safe Starting mariadbd daemon with databases from /var/lib/mysql
2024-04-29 22:21:36 0 [Note] Starting MariaDB 10.11.6-MariaDB-0+deb12u1 source revision  as process 146
2024-04-29 22:21:36 0 [Warning] Setting lower_case_table_names=2 because file system for /var/lib/mysql/ is case insensitive
2024-04-29 22:21:36 0 [Note] InnoDB: Compressed tables use zlib 1.2.13
2024-04-29 22:21:36 0 [Note] InnoDB: Number of transaction pools: 1
2024-04-29 22:21:36 0 [Note] InnoDB: Using crc32 + pclmulqdq instructions
2024-04-29 22:21:36 0 [Note] mariadbd: O_TMPFILE is not supported on /tmp (disabling future attempts)
2024-04-29 22:21:36 0 [Note] InnoDB: Using liburing
2024-04-29 22:21:36 0 [Note] InnoDB: Initializing buffer pool, total size = 128.000MiB, chunk size = 2.000MiB
2024-04-29 22:21:36 0 [Note] InnoDB: Completed initialization of buffer pool
2024-04-29 22:21:36 0 [Note] InnoDB: Buffered log writes (block size=512 bytes)
2024-04-29 22:21:36 0 [Note] InnoDB: End of log at LSN=36573
2024-04-29 22:21:36 0 [Note] InnoDB: 128 rollback segments are active.
2024-04-29 22:21:36 0 [Note] InnoDB: Setting file './ibtmp1' size to 12.000MiB. Physically writing the file full; Please wait ...
2024-04-29 22:21:36 0 [Note] InnoDB: File './ibtmp1' size is now 12.000MiB.
2024-04-29 22:21:36 0 [Note] InnoDB: log sequence number 36573; transaction id 4
2024-04-29 22:21:36 0 [Note] Plugin 'FEEDBACK' is disabled.
2024-04-29 22:21:36 0 [Note] InnoDB: Loading buffer pool(s) from /var/lib/mysql/ib_buffer_pool
2024-04-29 22:21:36 0 [ERROR] Could not open mysql.plugin table: "Table 'mysql.plugin' doesn't exist". Some plugins may be not loaded
2024-04-29 22:21:36 0 [ERROR] Can't open and lock privilege tables: Table 'mysql.servers' doesn't exist
2024-04-29 22:21:36 0 [Note] Server socket created on IP: '0.0.0.0'.
2024-04-29 22:21:36 0 [Note] Server socket created on IP: '::'.
2024-04-29 22:21:36 0 [Note] InnoDB: Buffer pool(s) load completed at 240429 22:21:36
2024-04-29 22:21:36 0 [ERROR] Fatal error: Can't open and lock privilege tables: Table 'mysql.db' doesn't exist
2024-04-29 22:21:36 0 [ERROR] Aborting
240429 22:21:37 mysqld_safe mysqld from pid file /var/lib/mysql/cb428144f480.pid ended
240429 22:21:50 mysqld_safe Starting mariadbd daemon with databases from /var/lib/mysql
2024-04-29 22:21:50 0 [Note] Starting MariaDB 10.11.6-MariaDB-0+deb12u1 source revision  as process 145
2024-04-29 22:21:50 0 [Warning] Setting lower_case_table_names=2 because file system for /var/lib/mysql/ is case insensitive
2024-04-29 22:21:50 0 [Note] InnoDB: Compressed tables use zlib 1.2.13
2024-04-29 22:21:50 0 [Note] InnoDB: Number of transaction pools: 1
2024-04-29 22:21:50 0 [Note] InnoDB: Using crc32 + pclmulqdq instructions
2024-04-29 22:21:50 0 [Note] mariadbd: O_TMPFILE is not supported on /tmp (disabling future attempts)
2024-04-29 22:21:50 0 [Note] InnoDB: Using liburing
2024-04-29 22:21:50 0 [Note] InnoDB: Initializing buffer pool, total size = 128.000MiB, chunk size = 2.000MiB
2024-04-29 22:21:50 0 [Note] InnoDB: Completed initialization of buffer pool
2024-04-29 22:21:50 0 [Note] InnoDB: Buffered log writes (block size=512 bytes)
2024-04-29 22:21:50 0 [Note] InnoDB: End of log at LSN=36573
2024-04-29 22:21:50 0 [Note] InnoDB: 128 rollback segments are active.
2024-04-29 22:21:50 0 [Note] InnoDB: Setting file './ibtmp1' size to 12.000MiB. Physically writing the file full; Please wait ...
2024-04-29 22:21:50 0 [Note] InnoDB: File './ibtmp1' size is now 12.000MiB.
2024-04-29 22:21:50 0 [Note] InnoDB: log sequence number 36573; transaction id 4
2024-04-29 22:21:50 0 [Note] Plugin 'FEEDBACK' is disabled.
2024-04-29 22:21:50 0 [Note] InnoDB: Loading buffer pool(s) from /var/lib/mysql/ib_buffer_pool
2024-04-29 22:21:50 0 [ERROR] Could not open mysql.plugin table: "Table 'mysql.plugin' doesn't exist". Some plugins may be not loaded
2024-04-29 22:21:50 0 [ERROR] Can't open and lock privilege tables: Table 'mysql.servers' doesn't exist
2024-04-29 22:21:50 0 [Note] InnoDB: Buffer pool(s) load completed at 240429 22:21:50
2024-04-29 22:21:50 0 [Note] Server socket created on IP: '0.0.0.0'.
2024-04-29 22:21:50 0 [Note] Server socket created on IP: '::'.
2024-04-29 22:21:50 0 [ERROR] Fatal error: Can't open and lock privilege tables: Table 'mysql.db' doesn't exist
2024-04-29 22:21:50 0 [ERROR] Aborting
240429 22:21:50 mysqld_safe mysqld from pid file /var/lib/mysql/cb428144f480.pid ended
240429 22:22:16 mysqld_safe Starting mariadbd daemon with databases from /var/lib/mysql
2024-04-29 22:22:16 0 [Note] Starting MariaDB 10.11.6-MariaDB-0+deb12u1 source revision  as process 146
2024-04-29 22:22:16 0 [Warning] Setting lower_case_table_names=2 because file system for /var/lib/mysql/ is case insensitive
2024-04-29 22:22:16 0 [Note] InnoDB: Compressed tables use zlib 1.2.13
2024-04-29 22:22:16 0 [Note] InnoDB: Number of transaction pools: 1
2024-04-29 22:22:16 0 [Note] InnoDB: Using crc32 + pclmulqdq instructions
2024-04-29 22:22:16 0 [Note] mariadbd: O_TMPFILE is not supported on /tmp (disabling future attempts)
2024-04-29 22:22:16 0 [Note] InnoDB: Using liburing
2024-04-29 22:22:16 0 [Note] InnoDB: Initializing buffer pool, total size = 128.000MiB, chunk size = 2.000MiB
2024-04-29 22:22:16 0 [Note] InnoDB: Completed initialization of buffer pool
2024-04-29 22:22:16 0 [Note] InnoDB: Buffered log writes (block size=512 bytes)
2024-04-29 22:22:16 0 [Note] InnoDB: End of log at LSN=36573
2024-04-29 22:22:16 0 [Note] InnoDB: 128 rollback segments are active.
2024-04-29 22:22:16 0 [Note] InnoDB: Setting file './ibtmp1' size to 12.000MiB. Physically writing the file full; Please wait ...
2024-04-29 22:22:16 0 [Note] InnoDB: File './ibtmp1' size is now 12.000MiB.
2024-04-29 22:22:16 0 [Note] InnoDB: log sequence number 36573; transaction id 4
2024-04-29 22:22:16 0 [Note] Plugin 'FEEDBACK' is disabled.
2024-04-29 22:22:16 0 [Note] InnoDB: Loading buffer pool(s) from /var/lib/mysql/ib_buffer_pool
2024-04-29 22:22:16 0 [ERROR] Could not open mysql.plugin table: "Table 'mysql.plugin' doesn't exist". Some plugins may be not loaded
2024-04-29 22:22:16 0 [Note] InnoDB: Buffer pool(s) load completed at 240429 22:22:16
2024-04-29 22:22:16 0 [ERROR] Can't open and lock privilege tables: Table 'mysql.servers' doesn't exist
2024-04-29 22:22:16 0 [Note] Server socket created on IP: '0.0.0.0'.
2024-04-29 22:22:16 0 [Note] Server socket created on IP: '::'.
2024-04-29 22:22:16 0 [ERROR] Fatal error: Can't open and lock privilege tables: Table 'mysql.db' doesn't exist
2024-04-29 22:22:16 0 [ERROR] Aborting
240429 22:22:16 mysqld_safe mysqld from pid file /var/lib/mysql/cb428144f480.pid ended
